[2023-03-15 18:24:46:581] [MARK] [2764436432-aWatch] ----------
[2023-03-15 18:24:46:581] [MARK] [2764436432-aWatch] Package Version: oicq@2.3.1 (Released on 2022/6/21)
[2023-03-15 18:24:46:581] [MARK] [2764436432-aWatch] View Changelogsï¼šhttps://github.com/takayama-lily/oicq/releases
[2023-03-15 18:24:46:582] [MARK] [2764436432-aWatch] ----------
[2023-03-15 18:24:46:680] [MARK] [2764436432-aWatch] 120.232.69.226:8080 connected
[2023-03-15 18:24:46:827] [MARK] [2764436432-aWatch] äºŒç»´ç å›¾ç‰‡å·²ä¿å­˜åˆ°ï¼šD:\A.å‰ç«¯å­¦ä¹ \ç§‘å°\data\oicq\2764436432\qrcode.png
[2023-03-15 18:25:08:120] [MARK] [2764436432-aWatch] Welcome, æé€é¥ ! æ­£åœ¨åŠ è½½èµ„æº...
[2023-03-15 18:25:08:655] [MARK] [2764436432-aWatch] åŠ è½½äº†209ä¸ªå¥½å‹ï¼Œ14ä¸ªç¾¤ï¼Œ14ä¸ªé™Œç”Ÿäºº
[2023-03-15 18:25:08:656] [INFO] [2764436432-aWatch] [32mæé€é¥(2764436432) ä¸Šçº¿æˆåŠŸï¼[0m
[2023-03-15 18:25:08:680] [INFO] [2764436432-aWatch] æ’ä»¶ [32mlike[0m å¯ç”¨æˆåŠŸ
[2023-03-15 18:25:08:683] [INFO] [2764436432-aWatch] [36må…±æ£€ç´¢åˆ° 1 ä¸ªæ’ä»¶ (0 ä¸ªæœ¬åœ°ï¼Œ1 ä¸ª npm), å¯ç”¨ 1 ä¸ªï¼š[32mlike[0m[0m
[2023-03-15 18:25:09:433] [INFO] [2764436432-aWatch] succeed to send: [Private(204797682)] ä¸Šçº¿æˆåŠŸï¼Œå¯ç”¨äº† 1 ä¸ªæ’ä»¶
å‘é€ /help æŸ¥çœ‹ PupBot å¸®åŠ©
[2023-03-15 18:25:31:600] [INFO] [2764436432-aWatch] recv from: [Private: 204797682(friend)] /plugin list
[2023-03-15 18:25:31:760] [INFO] [2764436432-aWatch] succeed to send: [Private(204797682)] ã€“ PupBot æ’ä»¶åˆ—è¡¨ ã€“
â— like (1.0.1)
å…± 1 ä¸ªï¼Œå¯ç”¨ 1 ä¸ª
[2023-03-15 18:25:36:926] [INFO] [2764436432-aWatch] recv from: [Private: 204797682(friend)] /p on demo-1
[2023-03-15 18:25:37:117] [INFO] [2764436432-aWatch] succeed to send: [Private(204797682)] ã€“ demo-1: æ’ä»¶ä¸å­˜åœ¨ ã€“
[2023-03-15 18:25:41:790] [INFO] [2764436432-aWatch] recv from: [Private: 204797682(friend)] /p on demo
[2023-03-15 18:25:41:951] [INFO] [2764436432-aWatch] succeed to send: [Private(204797682)] ã€“ demo: æ’ä»¶ä¸å­˜åœ¨ ã€“
[2023-03-15 18:27:11:169] [INFO] [2764436432-aWatch] recv from: [Private: 204797682(friend)] /p on demo
[2023-03-15 18:27:11:181] [INFO] [2764436432-aWatch] æ’ä»¶ [32mdemo[0m å¯ç”¨æˆåŠŸ
[2023-03-15 18:27:11:294] [ERROR] [2764436432-aWatch] failed to send: [Private: 1706328818] å‘é€å¤±è´¥ï¼Œè¯·å…ˆæ·»åŠ å¯¹æ–¹ä¸ºå¥½å‹(16)
[2023-03-15 18:27:11:296] [ERROR] [2764436432-aWatch] å‘é€å¤±è´¥ï¼Œè¯·å…ˆæ·»åŠ å¯¹æ–¹ä¸ºå¥½å‹
[2023-03-15 18:27:11:368] [INFO] [2764436432-aWatch] succeed to send: [Private(204797682)] ã€“ demo å¯ç”¨æˆåŠŸ ã€“
[2023-03-15 18:27:20:354] [INFO] [2764436432-aWatch] recv from: [Private: 204797682(friend)] /p on demo
[2023-03-15 18:27:20:515] [INFO] [2764436432-aWatch] succeed to send: [Private(204797682)] ã€“ demo: æ’ä»¶å·²å¯ç”¨ ã€“
[2023-03-15 18:30:35:588] [INFO] [2764436432-aWatch] recv from: [Private: 204797682(friend)] /p on demo3
[2023-03-15 18:30:35:599] [INFO] [2764436432-aWatch] æ’ä»¶ [32mdemo3[0m å¯ç”¨æˆåŠŸ
[2023-03-15 18:30:35:809] [INFO] [2764436432-aWatch] succeed to send: [Private(204797682)] ã€“ demo3 å¯ç”¨æˆåŠŸ ã€“
[2023-03-15 18:30:42:472] [INFO] [2764436432-aWatch] recv from: [Private: 204797682(friend)] å‘å›¾ç‰‡
[2023-03-15 18:30:43:594] [INFO] [2764436432-aWatch] succeed to send: [Private(204797682)] è¿™æ˜¯ä¸ªå›¾ç‰‡ï¼š[å›¾ç‰‡]
[2023-03-15 18:34:45:072] [INFO] [2764436432-aWatch] recv from: [Private: 204797682(friend)] /p on demo2
[2023-03-15 18:34:45:232] [INFO] [2764436432-aWatch] succeed to send: [Private(204797682)] ã€“ demo2: æ’ä»¶ä¸å­˜åœ¨ ã€“
[2023-03-15 18:34:55:261] [INFO] [2764436432-aWatch] recv from: [Private: 204797682(friend)] /p on demo3
[2023-03-15 18:34:55:443] [INFO] [2764436432-aWatch] succeed to send: [Private(204797682)] ã€“ demo3: æ’ä»¶å·²å¯ç”¨ ã€“
[2023-03-15 18:34:59:331] [INFO] [2764436432-aWatch] recv from: [Private: 204797682(friend)] 123
[2023-03-15 18:37:05:354] [INFO] [2764436432-aWatch] recv from: [Private: 204797682(friend)] ä½ å¥½
[2023-03-15 18:38:13:710] [INFO] [2764436432-aWatch] recv from: [Private: 204797682(friend)] ä½ å¥½
[2023-03-15 18:38:43:539] [INFO] [2764436432-aWatch] recv from: [Private: 204797682(friend)] ä½ å¥½
[2023-03-15 18:39:05:764] [INFO] [2764436432-aWatch] recv from: [Private: 204797682(friend)] /p on demo2
[2023-03-15 18:39:05:914] [INFO] [2764436432-aWatch] succeed to send: [Private(204797682)] ã€“ demo2: æ’ä»¶ä¸å­˜åœ¨ ã€“
[2023-03-15 18:39:23:661] [INFO] [2764436432-aWatch] recv from: [Private: 204797682(friend)] ä½ å¥½
[2023-03-15 18:39:27:203] [INFO] [2764436432-aWatch] recv from: [Private: 204797682(friend)] /p on demo2
[2023-03-15 18:39:27:213] [INFO] [2764436432-aWatch] æ’ä»¶ [32mdemo2[0m å¯ç”¨æˆåŠŸ
[2023-03-15 18:39:27:365] [INFO] [2764436432-aWatch] succeed to send: [Private(204797682)] ã€“ demo2 å¯ç”¨æˆåŠŸ ã€“
[2023-03-15 18:39:32:351] [INFO] [2764436432-aWatch] recv from: [Private: 204797682(friend)] ä½ å¥½
[2023-03-15 18:39:32:521] [INFO] [2764436432-aWatch] succeed to send: [Private(204797682)] å€šæ¥¼å¬é£é›¨ç»™æˆ‘å‘äº†æ¶ˆæ¯ï¼šä½ å¥½
[2023-03-15 18:39:32:594] [INFO] [2764436432-aWatch] succeed to send: [Private(204797682)] [å›å¤]ä¸–ç•Œï¼
[2023-03-15 18:40:19:054] [INFO] [2764436432-aWatch] recv from: [Private: 204797682(friend)] å‘å›¾ç‰‡
[2023-03-15 18:40:19:245] [INFO] [2764436432-aWatch] succeed to send: [Private(204797682)] å€šæ¥¼å¬é£é›¨ç»™æˆ‘å‘äº†æ¶ˆæ¯ï¼šå‘å›¾ç‰‡
[2023-03-15 18:40:19:882] [INFO] [2764436432-aWatch] succeed to send: [Private(204797682)] è¿™æ˜¯ä¸ªå›¾ç‰‡ï¼š[å›¾ç‰‡]
[2023-03-15 18:48:29:302] [INFO] [2764436432-aWatch] recv from: [Private: 3113222742(friend)] ä½ å¥½
[2023-03-15 18:48:29:492] [INFO] [2764436432-aWatch] succeed to send: [Private(3113222742)] å°å›æ¡‘ç»™æˆ‘å‘äº†æ¶ˆæ¯ï¼šä½ å¥½
[2023-03-15 18:48:29:565] [INFO] [2764436432-aWatch] succeed to send: [Private(3113222742)] [å›å¤]ä¸–ç•Œï¼
[2023-03-15 18:48:43:424] [INFO] [2764436432-aWatch] recv from: [Private: 3113222742(friend)] å“ˆå–½
[2023-03-15 18:48:43:625] [INFO] [2764436432-aWatch] succeed to send: [Private(3113222742)] å°å›æ¡‘ç»™æˆ‘å‘äº†æ¶ˆæ¯ï¼šå“ˆå–½
[2023-03-15 18:49:00:434] [INFO] [2764436432-aWatch] recv from: [Private: 3113222742(friend)] ä½ ä¼šä»€ä¹ˆ
[2023-03-15 18:49:00:625] [INFO] [2764436432-aWatch] succeed to send: [Private(3113222742)] å°å›æ¡‘ç»™æˆ‘å‘äº†æ¶ˆæ¯ï¼šä½ ä¼šä»€ä¹ˆ
[2023-03-15 18:49:07:129] [INFO] [2764436432-aWatch] recv from: [Private: 3113222742(friend)] /æ‹œæ‰˜
[2023-03-15 18:49:07:290] [INFO] [2764436432-aWatch] succeed to send: [Private(3113222742)] å°å›æ¡‘ç»™æˆ‘å‘äº†æ¶ˆæ¯ï¼š/æ‹œæ‰˜
[2023-03-15 21:46:56:492] [INFO] [2764436432-aWatch] recv from: [Private: 204797682(friend)] 1
[2023-03-15 21:46:56:764] [INFO] [2764436432-aWatch] succeed to send: [Private(204797682)] å€šæ¥¼å¬é£é›¨ç»™æˆ‘å‘äº†æ¶ˆæ¯ï¼š1
[2023-03-15 21:47:05:301] [INFO] [2764436432-aWatch] recv from: [Private: 204797682(friend)] è°­æƒ è
[2023-03-15 21:47:05:472] [INFO] [2764436432-aWatch] succeed to send: [Private(204797682)] å€šæ¥¼å¬é£é›¨ç»™æˆ‘å‘äº†æ¶ˆæ¯ï¼šè°­æƒ è
[2023-03-15 21:47:39:150] [INFO] [2764436432-aWatch] recv from: [Private: 204797682(friend)] è°­æƒ è1
[2023-03-15 21:47:39:349] [INFO] [2764436432-aWatch] succeed to send: [Private(204797682)] å€šæ¥¼å¬é£é›¨ç»™æˆ‘å‘äº†æ¶ˆæ¯ï¼šè°­æƒ è1
[2023-03-15 21:48:02:748] [INFO] [2764436432-aWatch] recv from: [Private: 204797682(friend)] 123
[2023-03-15 21:48:02:947] [INFO] [2764436432-aWatch] succeed to send: [Private(204797682)] å€šæ¥¼å¬é£é›¨ç»™æˆ‘å‘äº†æ¶ˆæ¯ï¼š123
