[2023-03-17 20:01:43:585] [ERROR] [2764436432-aWatch] Error: unsuccessful retcode: -10004
[2023-03-17 20:01:43:586] [ERROR] [2764436432-aWatch] Error: unsuccessful retcode: -10004
[2023-03-17 20:01:43:586] [ERROR] [2764436432-aWatch] Error: unsuccessful retcode: -10004
[2023-03-17 20:01:43:586] [FATAL] [2764436432-aWatch] ENOENT: no such file or directory, unlink 'D:\A.前端学习\science\data\oicq\2764436432\token'
[2023-03-17 20:01:43:586] [FATAL] [2764436432-aWatch] ENOENT: no such file or directory, unlink 'D:\A.前端学习\science\data\oicq\2764436432\token'
[2023-03-17 20:01:46:284] [ERROR] [2764436432-aWatch] Error: unsuccessful retcode: -10004
[2023-03-17 20:01:46:284] [FATAL] [2764436432-aWatch] ENOENT: no such file or directory, unlink 'D:\A.前端学习\science\data\oicq\2764436432\token'
[2023-03-17 20:01:46:366] [ERROR] [2764436432-aWatch] Error: unsuccessful retcode: -10004
[2023-03-17 20:01:46:366] [FATAL] [2764436432-aWatch] ENOENT: no such file or directory, unlink 'D:\A.前端学习\science\data\oicq\2764436432\token'
[2023-03-17 20:01:46:447] [ERROR] [2764436432-aWatch] Error: unsuccessful retcode: -10004
[2023-03-17 20:01:46:447] [FATAL] [2764436432-aWatch] ENOENT: no such file or directory, unlink 'D:\A.前端学习\science\data\oicq\2764436432\token'
[2023-03-17 20:03:46:904] [ERROR] [2764436432-aWatch] 二维码扫码遇到错误: 17 (二维码超时，请重新获取)
[2023-03-17 20:04:13:548] [ERROR] [2764436432-aWatch] Error: unsuccessful retcode: -10003
[2023-03-17 20:04:13:548] [FATAL] [2764436432-aWatch] ENOENT: no such file or directory, unlink 'D:\A.前端学习\science\data\oicq\2764436432\token'
[2023-03-17 20:04:18:415] [WARN] [2764436432-aWatch] heartbeat timeout
[2023-03-17 20:04:18:463] [ERROR] [2764436432-aWatch] Error: unsuccessful retcode: -10008
[2023-03-17 20:04:18:463] [FATAL] [2764436432-aWatch] ENOENT: no such file or directory, unlink 'D:\A.前端学习\science\data\oicq\2764436432\token'
[2023-03-17 20:04:23:418] [ERROR] [2764436432-aWatch] heartbeat timeout x 2
[2023-03-17 20:04:23:618] [ERROR] [2764436432-aWatch] Error: unsuccessful retcode: -10003
[2023-03-17 20:04:23:618] [FATAL] [2764436432-aWatch] ENOENT: no such file or directory, unlink 'D:\A.前端学习\science\data\oicq\2764436432\token'
[2023-03-17 20:04:33:470] [ERROR] [2764436432-aWatch] server is busy(register)
