[2023-03-15 18:17:58:698] [MARK] [2764436432-aWatch] ----------
[2023-03-15 18:17:58:698] [MARK] [2764436432-aWatch] Package Version: oicq@2.3.1 (Released on 2022/6/21)
[2023-03-15 18:17:58:698] [MARK] [2764436432-aWatch] View Changelogsï¼šhttps://github.com/takayama-lily/oicq/releases
[2023-03-15 18:17:58:698] [MARK] [2764436432-aWatch] ----------
[2023-03-15 18:17:58:777] [MARK] [2764436432-aWatch] 120.232.69.173:8080 connected
[2023-03-15 18:17:58:942] [MARK] [2764436432-aWatch] äºŒç»´ç å›¾ç‰‡å·²ä¿å­˜åˆ°ï¼šD:\A.å‰ç«¯å­¦ä¹ \ç§‘å°\data\oicq\2764436432\qrcode.png
[2023-03-15 18:18:09:283] [MARK] [2764436432-aWatch] Welcome, æé€é¥ ! æ­£åœ¨åŠ è½½èµ„æº...
[2023-03-15 18:18:09:908] [MARK] [2764436432-aWatch] åŠ è½½äº†209ä¸ªå¥½å‹ï¼Œ14ä¸ªç¾¤ï¼Œ14ä¸ªé™Œç”Ÿäºº
[2023-03-15 18:18:09:910] [INFO] [2764436432-aWatch] [32mæé€é¥(2764436432) ä¸Šçº¿æˆåŠŸï¼[0m
[2023-03-15 18:18:09:933] [INFO] [2764436432-aWatch] æ’ä»¶ [32mlike[0m å¯ç”¨æˆåŠŸ
[2023-03-15 18:18:09:934] [INFO] [2764436432-aWatch] [36må…±æ£€ç´¢åˆ° 1 ä¸ªæ’ä»¶ (0 ä¸ªæœ¬åœ°ï¼Œ1 ä¸ª npm), å¯ç”¨ 1 ä¸ªï¼š[32mlike[0m[0m
[2023-03-15 18:18:10:667] [INFO] [2764436432-aWatch] succeed to send: [Private(204797682)] ä¸Šçº¿æˆåŠŸï¼Œå¯ç”¨äº† 1 ä¸ªæ’ä»¶
å‘é€ /help æŸ¥çœ‹ PupBot å¸®åŠ©
[2023-03-15 18:18:31:333] [INFO] [2764436432-aWatch] recv from: [Private: 204797682(friend)] /plugin list
[2023-03-15 18:18:31:513] [INFO] [2764436432-aWatch] succeed to send: [Private(204797682)] ã€“ PupBot æ’ä»¶åˆ—è¡¨ ã€“
â— like (1.0.1)
å…± 1 ä¸ªï¼Œå¯ç”¨ 1 ä¸ª
[2023-03-15 18:18:58:844] [INFO] [2764436432-aWatch] recv from: [Private: 204797682(friend)] /p on demo-1
[2023-03-15 18:18:59:053] [INFO] [2764436432-aWatch] succeed to send: [Private(204797682)] ã€“ demo-1: æ’ä»¶ä¸å­˜åœ¨ ã€“
[2023-03-15 18:19:23:804] [INFO] [2764436432-aWatch] recv from: [Private: 204797682(friend)] /p on demo-1
[2023-03-15 18:19:23:985] [INFO] [2764436432-aWatch] succeed to send: [Private(204797682)] ã€“ demo-1: æ’ä»¶ä¸å­˜åœ¨ ã€“
[2023-03-15 18:19:32:800] [INFO] [2764436432-aWatch] recv from: [Private: 204797682(friend)] /plugin list
[2023-03-15 18:19:32:993] [INFO] [2764436432-aWatch] succeed to send: [Private(204797682)] ã€“ PupBot æ’ä»¶åˆ—è¡¨ ã€“
â— like (1.0.1)
å…± 1 ä¸ªï¼Œå¯ç”¨ 1 ä¸ª
[2023-03-15 18:20:01:785] [INFO] [2764436432-aWatch] recv from: [Private: 204797682(friend)] /plugin list
[2023-03-15 18:20:01:977] [INFO] [2764436432-aWatch] succeed to send: [Private(204797682)] ã€“ PupBot æ’ä»¶åˆ—è¡¨ ã€“
â— like (1.0.1)
å…± 1 ä¸ªï¼Œå¯ç”¨ 1 ä¸ª
[2023-03-15 18:20:11:429] [INFO] [2764436432-aWatch] recv from: [Private: 204797682(friend)] /p on demo-1
[2023-03-15 18:20:11:630] [INFO] [2764436432-aWatch] succeed to send: [Private(204797682)] ã€“ demo-1: æ’ä»¶ä¸å­˜åœ¨ ã€“
[2023-03-15 18:23:51:461] [INFO] [2764436432-aWatch] recv from: [Private: 204797682(friend)] /plugin list
[2023-03-15 18:23:51:642] [INFO] [2764436432-aWatch] succeed to send: [Private(204797682)] ã€“ PupBot æ’ä»¶åˆ—è¡¨ ã€“
â— like (1.0.1)
å…± 1 ä¸ªï¼Œå¯ç”¨ 1 ä¸ª
