[2023-03-15 17:42:47:078] [MARK] [2764436432-aWatch] ----------
[2023-03-15 17:42:47:078] [MARK] [2764436432-aWatch] Package Version: oicq@2.3.1 (Released on 2022/6/21)
[2023-03-15 17:42:47:078] [MARK] [2764436432-aWatch] View Changelogsï¼šhttps://github.com/takayama-lily/oicq/releases
[2023-03-15 17:42:47:079] [MARK] [2764436432-aWatch] ----------
[2023-03-15 17:42:47:146] [MARK] [2764436432-aWatch] 120.232.69.173:8080 connected
[2023-03-15 17:42:47:293] [MARK] [2764436432-aWatch] äºŒç»´ç å›¾ç‰‡å·²ä¿å­˜åˆ°ï¼šD:\A.å‰ç«¯å­¦ä¹ \ç§‘å°\data\oicq\2764436432\qrcode.png
[2023-03-15 17:42:58:580] [MARK] [2764436432-aWatch] Welcome, æé€é¥ ! æ­£åœ¨åŠ è½½èµ„æº...
[2023-03-15 17:42:59:013] [MARK] [2764436432-aWatch] åŠ è½½äº†209ä¸ªå¥½å‹ï¼Œ14ä¸ªç¾¤ï¼Œ14ä¸ªé™Œç”Ÿäºº
[2023-03-15 17:42:59:014] [INFO] [2764436432-aWatch] [32mæé€é¥(2764436432) ä¸Šçº¿æˆåŠŸï¼[0m
[2023-03-15 17:42:59:029] [INFO] [2764436432-aWatch] [36må…±æ£€ç´¢åˆ° 0 ä¸ªæ’ä»¶ (0 ä¸ªæœ¬åœ°ï¼Œ0 ä¸ª npm), å¯ç”¨ 0 ä¸ªï¼š[32m[0m[0m
[2023-03-15 17:42:59:772] [INFO] [2764436432-aWatch] succeed to send: [Private(204797682)] ä¸Šçº¿æˆåŠŸï¼Œå¯ç”¨äº† 0 ä¸ªæ’ä»¶
å‘é€ /help æŸ¥çœ‹ PupBot å¸®åŠ©
[2023-03-15 17:43:25:724] [INFO] [2764436432-aWatch] recv from: [Private: 204797682(friend)] /help
[2023-03-15 17:43:25:915] [INFO] [2764436432-aWatch] succeed to send: [Private(204797682)] ã€“ PupBot å¸®åŠ© ã€“
/plugin  æ’ä»¶æ“ä½œ
/status  æŸ¥çœ‹çŠ¶æ€
/config  æ¡†æ¶é…ç½®
/update  æ£€æŸ¥æ›´æ–°
/about   å…³äºæ¡†æ¶
/exit    é€€å‡ºæ¡†æ¶
[2023-03-15 17:43:37:241] [INFO] [2764436432-aWatch] recv from: [Private: 204797682(friend)] /plugin
[2023-03-15 17:43:37:422] [INFO] [2764436432-aWatch] succeed to send: [Private(204797682)] ã€“ PupBot æ’ä»¶ ã€“
/plugin list
/plugin add <name>
/plugin rm <name>
/plugin on/off <name>
/plugin onall/offall/reloadall
/plugin reload <name>
/plugin update <?name>
/p = /plugin
[2023-03-15 17:50:51:855] [INFO] [2764436432-aWatch] recv from: [Private: 204797682(friend)] /plugin list
[2023-03-15 17:50:52:046] [INFO] [2764436432-aWatch] succeed to send: [Private(204797682)] ã€“ æ’ä»¶åˆ—è¡¨ä¸ºç©º ã€“
[2023-03-15 17:51:13:790] [INFO] [2764436432-aWatch] recv from: [Private: 204797682(friend)] /p add like
[2023-03-15 17:51:13:980] [INFO] [2764436432-aWatch] succeed to send: [Private(204797682)] ã€“ æ­£åœ¨å®‰è£… like ã€“
[2023-03-15 17:51:16:939] [INFO] [2764436432-aWatch] succeed to send: [Private(204797682)] ã€“ like å®‰è£…æˆåŠŸ ã€“
[2023-03-15 17:51:25:181] [INFO] [2764436432-aWatch] recv from: [Private: 204797682(friend)] /p on like
[2023-03-15 17:51:25:196] [INFO] [2764436432-aWatch] æ’ä»¶ [32mlike[0m å¯ç”¨æˆåŠŸ
[2023-03-15 17:51:25:345] [INFO] [2764436432-aWatch] succeed to send: [Private(204797682)] ã€“ like å¯ç”¨æˆåŠŸ ã€“
[2023-03-15 17:51:28:946] [INFO] [2764436432-aWatch] recv from: [Private: 204797682(friend)] èµæˆ‘
[2023-03-15 17:51:29:249] [INFO] [2764436432-aWatch] succeed to send: [Private(204797682)] [å›å¤]ä»Šå¤©ç‚¹è¿‡äº†ï¼Œæ˜å¤©èµ¶æ—©[è¡¨æƒ…]
[2023-03-15 18:17:01:076] [INFO] [2764436432-aWatch] recv from: [Private: 204797682(friend)] /p on demo-1
[2023-03-15 18:17:01:277] [INFO] [2764436432-aWatch] succeed to send: [Private(204797682)] ã€“ demo-1: æ’ä»¶ä¸å­˜åœ¨ ã€“
