[2023-03-26 13:10:33:634] [ERROR] [2764436432-aWatch] userList is not defined
[2023-03-26 13:11:47:781] [ERROR] [2764436432-aWatch] userList is not defined
[2023-03-26 13:27:55:679] [ERROR] [2764436432-aWatch] Cannot read properties of undefined (reading '1')
[2023-03-26 13:29:39:602] [ERROR] [2764436432-aWatch] Cannot read properties of undefined (reading '1')
[2023-03-26 13:31:20:543] [ERROR] [2764436432-aWatch] Cannot read properties of undefined (reading '1')
[2023-03-26 13:31:54:307] [ERROR] [2764436432-aWatch] Converting circular structure to JSON
    --> starting at object with constructor 'ClientRequest'
    |     property 'socket' -> object with constructor 'TLSSocket'
    --- property '_httpMessage' closes the circle
[2023-03-26 13:40:13:874] [ERROR] [2764436432-aWatch] æ’ä»¶ [32mele[0m å¯¼å…¥è¿‡ç¨‹ä¸­å‘ç”Ÿé”™è¯¯: 
Unexpected token ')'
[2023-03-26 13:41:23:124] [ERROR] [2764436432-aWatch] Cannot read properties of undefined (reading '1')
[2023-03-26 13:43:44:719] [ERROR] [2764436432-aWatch] Cannot read properties of undefined (reading '1')
[2023-03-26 13:44:00:055] [ERROR] [2764436432-aWatch] Cannot read properties of undefined (reading '0')
[2023-03-26 13:46:31:331] [ERROR] [2764436432-aWatch] Cannot read properties of undefined (reading '1')
[2023-03-26 13:48:51:563] [ERROR] [2764436432-aWatch] get.data[0] is not iterable (cannot read property undefined)
[2023-03-26 13:51:43:365] [ERROR] [2764436432-aWatch] Cannot read properties of undefined (reading '1')
[2023-03-26 13:56:12:645] [ERROR] [2764436432-aWatch] failed to send: [Group: 204797682] å‘é€å¤±è´¥ï¼Œä½ å·²è¢«ç§»å‡ºè¯¥ç¾¤ï¼Œè¯·é‡æ–°åŠ ç¾¤ã€‚(110)
[2023-03-26 13:56:12:646] [ERROR] [2764436432-aWatch] å‘é€å¤±è´¥ï¼Œä½ å·²è¢«ç§»å‡ºè¯¥ç¾¤ï¼Œè¯·é‡æ–°åŠ ç¾¤ã€‚
[2023-03-26 13:56:12:738] [ERROR] [2764436432-aWatch] failed to send: [Group: 2308920860] å‘é€å¤±è´¥ï¼Œä½ å·²è¢«ç§»å‡ºè¯¥ç¾¤ï¼Œè¯·é‡æ–°åŠ ç¾¤ã€‚(110)
[2023-03-26 13:56:12:738] [ERROR] [2764436432-aWatch] å‘é€å¤±è´¥ï¼Œä½ å·²è¢«ç§»å‡ºè¯¥ç¾¤ï¼Œè¯·é‡æ–°åŠ ç¾¤ã€‚
