[2023-03-16 11:16:40:953] [MARK] [2764436432-aWatch] ----------
[2023-03-16 11:16:40:954] [MARK] [2764436432-aWatch] Package Version: oicq@2.3.1 (Released on 2022/6/21)
[2023-03-16 11:16:40:954] [MARK] [2764436432-aWatch] View Changelogsï¼šhttps://github.com/takayama-lily/oicq/releases
[2023-03-16 11:16:40:954] [MARK] [2764436432-aWatch] ----------
[2023-03-16 11:16:41:065] [MARK] [2764436432-aWatch] 120.232.69.226:8080 connected
[2023-03-16 11:16:41:222] [MARK] [2764436432-aWatch] äºŒç»´ç å›¾ç‰‡å·²ä¿å­˜åˆ°ï¼šD:\A.å‰ç«¯å­¦ä¹ \ç§‘å°\data\oicq\2764436432\qrcode.png
[2023-03-16 11:17:01:598] [MARK] [2764436432-aWatch] Welcome, æé€é¥ ! æ­£åœ¨åŠ è½½èµ„æº...
[2023-03-16 11:17:02:102] [MARK] [2764436432-aWatch] åŠ è½½äº†209ä¸ªå¥½å‹ï¼Œ14ä¸ªç¾¤ï¼Œ14ä¸ªé™Œç”Ÿäºº
[2023-03-16 11:17:02:103] [INFO] [2764436432-aWatch] [32mæé€é¥(2764436432) ä¸Šçº¿æˆåŠŸï¼[0m
[2023-03-16 11:17:02:123] [INFO] [2764436432-aWatch] æ’ä»¶ [32mlike[0m å¯ç”¨æˆåŠŸ
[2023-03-16 11:17:02:129] [INFO] [2764436432-aWatch] æ’ä»¶ [32mdemo[0m å¯ç”¨æˆåŠŸ
[2023-03-16 11:17:02:131] [INFO] [2764436432-aWatch] æ’ä»¶ [32mdemo2[0m å¯ç”¨æˆåŠŸ
[2023-03-16 11:17:02:135] [INFO] [2764436432-aWatch] æ’ä»¶ [32mdemo3[0m å¯ç”¨æˆåŠŸ
[2023-03-16 11:17:02:135] [INFO] [2764436432-aWatch] [36må…±æ£€ç´¢åˆ° 4 ä¸ªæ’ä»¶ (3 ä¸ªæœ¬åœ°ï¼Œ1 ä¸ª npm), å¯ç”¨ 4 ä¸ªï¼š[32mlike, demo, demo2, demo3[0m[0m
[2023-03-16 11:17:02:257] [ERROR] [2764436432-aWatch] failed to send: [Private: 1706328818] å‘é€å¤±è´¥ï¼Œè¯·å…ˆæ·»åŠ å¯¹æ–¹ä¸ºå¥½å‹(16)
[2023-03-16 11:17:02:260] [ERROR] [2764436432-aWatch] å‘é€å¤±è´¥ï¼Œè¯·å…ˆæ·»åŠ å¯¹æ–¹ä¸ºå¥½å‹
[2023-03-16 11:17:02:889] [INFO] [2764436432-aWatch] succeed to send: [Private(204797682)] ä¸Šçº¿æˆåŠŸï¼Œå¯ç”¨äº† 4 ä¸ªæ’ä»¶
å‘é€ /help æŸ¥çœ‹ PupBot å¸®åŠ©
[2023-03-16 11:17:32:508] [INFO] [2764436432-aWatch] recv from: [Private: 204797682(friend)] /p add keyword
[2023-03-16 11:17:32:718] [INFO] [2764436432-aWatch] succeed to send: [Private(204797682)] å€šæ¥¼å¬é£é›¨ç»™æˆ‘å‘äº†æ¶ˆæ¯ï¼š/p add keyword
[2023-03-16 11:17:32:796] [INFO] [2764436432-aWatch] succeed to send: [Private(204797682)] ã€“ æ­£åœ¨å®‰è£… keyword ã€“
[2023-03-16 11:17:35:679] [INFO] [2764436432-aWatch] succeed to send: [Private(204797682)] ã€“ keyword å®‰è£…æˆåŠŸ ã€“
[2023-03-16 11:19:02:193] [INFO] [2764436432-aWatch] recv from: [Private: 204797682(friend)] /p on keyword
[2023-03-16 11:19:02:215] [INFO] [2764436432-aWatch] æ’ä»¶ [32mkeyword[0m å¯ç”¨æˆåŠŸ
[2023-03-16 11:19:02:374] [INFO] [2764436432-aWatch] succeed to send: [Private(204797682)] å€šæ¥¼å¬é£é›¨ç»™æˆ‘å‘äº†æ¶ˆæ¯ï¼š/p on keyword
[2023-03-16 11:19:02:453] [INFO] [2764436432-aWatch] succeed to send: [Private(204797682)] ã€“ keyword å¯ç”¨æˆåŠŸ ã€“
[2023-03-16 11:19:11:250] [INFO] [2764436432-aWatch] recv from: [Private: 204797682(friend)] åŒ¹é…
[2023-03-16 11:19:11:431] [INFO] [2764436432-aWatch] succeed to send: [Private(204797682)] å€šæ¥¼å¬é£é›¨ç»™æˆ‘å‘äº†æ¶ˆæ¯ï¼šåŒ¹é…
[2023-03-16 11:21:11:251] [INFO] [2764436432-aWatch] recv from: [Private: 204797682(friend)] keyword
[2023-03-16 11:21:11:411] [INFO] [2764436432-aWatch] succeed to send: [Private(204797682)] å€šæ¥¼å¬é£é›¨ç»™æˆ‘å‘äº†æ¶ˆæ¯ï¼škeyword
