[2023-03-16 11:28:15:844] [MARK] [2764436432-aWatch] ----------
[2023-03-16 11:28:15:844] [MARK] [2764436432-aWatch] Package Version: oicq@2.3.1 (Released on 2022/6/21)
[2023-03-16 11:28:15:845] [MARK] [2764436432-aWatch] View Changelogsï¼šhttps://github.com/takayama-lily/oicq/releases
[2023-03-16 11:28:15:845] [MARK] [2764436432-aWatch] ----------
[2023-03-16 11:28:15:984] [MARK] [2764436432-aWatch] 120.232.196.151:8080 connected
[2023-03-16 11:28:16:139] [MARK] [2764436432-aWatch] äºŒç»´ç å›¾ç‰‡å·²ä¿å­˜åˆ°ï¼šD:\A.å‰ç«¯å­¦ä¹ \ç§‘å°\data\oicq\2764436432\qrcode.png
[2023-03-16 11:28:28:451] [MARK] [2764436432-aWatch] Welcome, æé€é¥ ! æ­£åœ¨åŠ è½½èµ„æº...
[2023-03-16 11:28:28:753] [MARK] [2764436432-aWatch] åŠ è½½äº†209ä¸ªå¥½å‹ï¼Œ14ä¸ªç¾¤ï¼Œ14ä¸ªé™Œç”Ÿäºº
[2023-03-16 11:28:28:756] [INFO] [2764436432-aWatch] [32mæé€é¥(2764436432) ä¸Šçº¿æˆåŠŸï¼[0m
[2023-03-16 11:28:28:777] [INFO] [2764436432-aWatch] æ’ä»¶ [32mkeyword[0m å¯ç”¨æˆåŠŸ
[2023-03-16 11:28:28:782] [INFO] [2764436432-aWatch] æ’ä»¶ [32mlike[0m å¯ç”¨æˆåŠŸ
[2023-03-16 11:28:28:786] [INFO] [2764436432-aWatch] æ’ä»¶ [32mdemo[0m å¯ç”¨æˆåŠŸ
[2023-03-16 11:28:28:789] [INFO] [2764436432-aWatch] æ’ä»¶ [32mdemo2[0m å¯ç”¨æˆåŠŸ
[2023-03-16 11:28:28:793] [INFO] [2764436432-aWatch] æ’ä»¶ [32mdemo3[0m å¯ç”¨æˆåŠŸ
[2023-03-16 11:28:28:793] [INFO] [2764436432-aWatch] [36må…±æ£€ç´¢åˆ° 5 ä¸ªæ’ä»¶ (3 ä¸ªæœ¬åœ°ï¼Œ2 ä¸ª npm), å¯ç”¨ 5 ä¸ªï¼š[32mkeyword, like, demo, demo2, demo3[0m[0m
[2023-03-16 11:28:28:908] [ERROR] [2764436432-aWatch] failed to send: [Private: 1706328818] å‘é€å¤±è´¥ï¼Œè¯·å…ˆæ·»åŠ å¯¹æ–¹ä¸ºå¥½å‹(16)
[2023-03-16 11:28:28:910] [ERROR] [2764436432-aWatch] å‘é€å¤±è´¥ï¼Œè¯·å…ˆæ·»åŠ å¯¹æ–¹ä¸ºå¥½å‹
[2023-03-16 11:28:29:517] [INFO] [2764436432-aWatch] succeed to send: [Private(204797682)] ä¸Šçº¿æˆåŠŸï¼Œå¯ç”¨äº† 5 ä¸ªæ’ä»¶
å‘é€ /help æŸ¥çœ‹ PupBot å¸®åŠ©
[2023-03-16 11:28:54:376] [INFO] [2764436432-aWatch] recv from: [Private: 204797682(friend)] /p plugin list
[2023-03-16 11:28:54:557] [INFO] [2764436432-aWatch] succeed to send: [Private(204797682)] å€šæ¥¼å¬é£é›¨ç»™æˆ‘å‘äº†æ¶ˆæ¯ï¼š/p plugin list
[2023-03-16 11:29:02:342] [INFO] [2764436432-aWatch] recv from: [Private: 204797682(friend)] å…³é”®è¯
[2023-03-16 11:29:02:503] [INFO] [2764436432-aWatch] succeed to send: [Private(204797682)] å€šæ¥¼å¬é£é›¨ç»™æˆ‘å‘äº†æ¶ˆæ¯ï¼šå…³é”®è¯
[2023-03-16 11:31:15:531] [INFO] [2764436432-aWatch] recv from: [Private: 204797682(friend)] hello world
[2023-03-16 11:31:15:703] [INFO] [2764436432-aWatch] succeed to send: [Private(204797682)] å€šæ¥¼å¬é£é›¨ç»™æˆ‘å‘äº†æ¶ˆæ¯ï¼šhello world
[2023-03-16 11:31:21:946] [INFO] [2764436432-aWatch] recv from: [Private: 204797682(friend)] hello
[2023-03-16 11:31:22:117] [INFO] [2764436432-aWatch] succeed to send: [Private(204797682)] å€šæ¥¼å¬é£é›¨ç»™æˆ‘å‘äº†æ¶ˆæ¯ï¼šhello
[2023-03-16 11:31:22:195] [INFO] [2764436432-aWatch] succeed to send: [Private(204797682)] hello world
[2023-03-16 11:33:31:232] [INFO] [2764436432-aWatch] recv from: [Private: 204797682(friend)] /p off demo2
[2023-03-16 11:33:31:239] [INFO] [2764436432-aWatch] æ’ä»¶ [32mdemo2[0m ç¦ç”¨æˆåŠŸ
[2023-03-16 11:33:31:393] [INFO] [2764436432-aWatch] succeed to send: [Private(204797682)] ã€“ demo2 ç¦ç”¨æˆåŠŸ ã€“
[2023-03-16 11:33:31:470] [INFO] [2764436432-aWatch] succeed to send: [Private(204797682)] å€šæ¥¼å¬é£é›¨ç»™æˆ‘å‘äº†æ¶ˆæ¯ï¼š/p off demo2
[2023-03-16 11:33:37:636] [INFO] [2764436432-aWatch] recv from: [Private: 204797682(friend)] hello
[2023-03-16 11:33:37:816] [INFO] [2764436432-aWatch] succeed to send: [Private(204797682)] hello world
[2023-03-16 11:35:13:680] [INFO] [2764436432-aWatch] recv from: [Private: 204797682(friend)] /p add weather
[2023-03-16 11:35:13:872] [INFO] [2764436432-aWatch] succeed to send: [Private(204797682)] ã€“ æ­£åœ¨å®‰è£… weather ã€“
[2023-03-16 11:35:18:977] [INFO] [2764436432-aWatch] succeed to send: [Private(204797682)] ã€“ weather å®‰è£…æˆåŠŸ ã€“
[2023-03-16 11:35:20:384] [INFO] [2764436432-aWatch] recv from: [Private: 204797682(friend)] /p on weather
[2023-03-16 11:35:21:189] [INFO] [2764436432-aWatch] æ’ä»¶ [32mweather[0m å¯ç”¨æˆåŠŸ
[2023-03-16 11:35:21:353] [INFO] [2764436432-aWatch] succeed to send: [Private(204797682)] ã€“ weather å¯ç”¨æˆåŠŸ ã€“
[2023-03-16 11:35:25:584] [INFO] [2764436432-aWatch] recv from: [Private: 204797682(friend)] é‡åº†å¤©æ°”
[2023-03-16 11:35:27:010] [INFO] [2764436432-aWatch] succeed to send: [Private(204797682)] [å›¾ç‰‡]
ã€“ é‡åº† 03/16 å¤©æ°” ã€“
é˜´ 14â„ƒ ~ 20â„ƒ è¥¿åŒ—é£ å¾®é£
[2023-03-16 11:36:50:873] [INFO] [2764436432-aWatch] recv from: [Private: 204797682(friend)] /plugin add baike
[2023-03-16 11:36:51:053] [INFO] [2764436432-aWatch] succeed to send: [Private(204797682)] ã€“ æ­£åœ¨å®‰è£… baike ã€“
[2023-03-16 11:36:54:015] [INFO] [2764436432-aWatch] succeed to send: [Private(204797682)] ã€“ baike å®‰è£…æˆåŠŸ ã€“
[2023-03-16 11:37:03:966] [INFO] [2764436432-aWatch] recv from: [Private: 204797682(friend)] /plugin on baike
[2023-03-16 11:37:03:993] [INFO] [2764436432-aWatch] æ’ä»¶ [32mbaike[0m å¯ç”¨æˆåŠŸ
[2023-03-16 11:37:04:186] [INFO] [2764436432-aWatch] succeed to send: [Private(204797682)] ã€“ baike å¯ç”¨æˆåŠŸ ã€“
[2023-03-16 11:37:11:191] [INFO] [2764436432-aWatch] recv from: [Private: 204797682(friend)] ç™¾ç§‘æç™½
[2023-03-16 11:37:11:795] [ERROR] [2764436432-aWatch] read ECONNRESET
[2023-03-16 11:37:38:929] [INFO] [2764436432-aWatch] recv from: [Private: 204797682(friend)] è¯æ¡æç™½
[2023-03-16 11:37:39:221] [ERROR] [2764436432-aWatch] read ECONNRESET
[2023-03-16 11:38:37:630] [INFO] [2764436432-aWatch] recv from: [Private: 204797682(friend)] /p off baike
[2023-03-16 11:38:37:637] [INFO] [2764436432-aWatch] æ’ä»¶ [32mbaike[0m ç¦ç”¨æˆåŠŸ
[2023-03-16 11:38:37:791] [INFO] [2764436432-aWatch] succeed to send: [Private(204797682)] ã€“ baike ç¦ç”¨æˆåŠŸ ã€“
[2023-03-16 11:44:07:189] [INFO] [2764436432-aWatch] recv from: [Private: 204797682(friend)] /p add mryt
[2023-03-16 11:44:07:370] [INFO] [2764436432-aWatch] succeed to send: [Private(204797682)] ã€“ æ­£åœ¨å®‰è£… mryt ã€“
[2023-03-16 11:44:10:346] [INFO] [2764436432-aWatch] succeed to send: [Private(204797682)] ã€“ mryt å®‰è£…æˆåŠŸ ã€“
[2023-03-16 11:44:15:358] [INFO] [2764436432-aWatch] recv from: [Private: 204797682(friend)] /p on mryt
[2023-03-16 11:44:15:379] [INFO] [2764436432-aWatch] æ’ä»¶ [32mmryt[0m å¯ç”¨æˆåŠŸ
[2023-03-16 11:44:15:518] [INFO] [2764436432-aWatch] succeed to send: [Private(204797682)] ã€“ mryt å¯ç”¨æˆåŠŸ ã€“
[2023-03-16 11:44:59:612] [INFO] [2764436432-aWatch] recv from: [Private: 204797682(friend)] #mryt t
[2023-03-16 11:45:00:186] [INFO] [2764436432-aWatch] succeed to send: [Private(204797682)] å‰ç«¯æ¯æ—¥ä¸€é¢˜ï¼š
ç¬¬1430å¤© 
æ›´æ–°æ—¶é—´: 2023-03-16 04:33:51 æ˜ŸæœŸå›› 
http://www.h-camel.com//show/5388.html
[js] ä½¿ç”¨jså†™ä¸€ä¸ªæ–¹æ³•ï¼Œä½¿å¾—ç»“æœå€¼æ˜ å°„åˆ°[0-1]ä¹‹é—´(æ•°æ®å½’ä¸€åŒ–) 
[2023-03-16 11:58:19:784] [INFO] [2764436432-aWatch] recv from: [Private: 204797682(friend)] /p add helper
[2023-03-16 11:58:19:976] [INFO] [2764436432-aWatch] succeed to send: [Private(204797682)] ã€“ æ­£åœ¨å®‰è£… helper ã€“
[2023-03-16 11:58:22:935] [INFO] [2764436432-aWatch] succeed to send: [Private(204797682)] ã€“ helper å®‰è£…æˆåŠŸ ã€“
[2023-03-16 11:58:32:304] [INFO] [2764436432-aWatch] recv from: [Private: 204797682(friend)] /p on helper
[2023-03-16 11:58:32:312] [INFO] [2764436432-aWatch] æ’ä»¶ [32mhelper[0m å¯ç”¨æˆåŠŸ
[2023-03-16 11:58:32:475] [INFO] [2764436432-aWatch] succeed to send: [Private(204797682)] ã€“ helper å¯ç”¨æˆåŠŸ ã€“
[2023-03-16 11:59:38:823] [INFO] [2764436432-aWatch] recv from: [Private: 204797682(friend)] å‘å¥½å‹ <3113222742> <æ»´æ»´æ»´æ»´>
[2023-03-16 12:00:06:513] [INFO] [2764436432-aWatch] recv from: [Private: 204797682(friend)] #å‘å¥½å‹ <3113222742> <æ»´æ»´æ»´æ»´>
[2023-03-16 12:00:06:640] [ERROR] [2764436432-aWatch] failed to send: [Private: NaN] undefined(1)
[2023-03-16 12:00:06:641] [ERROR] [2764436432-aWatch] unknown
[2023-03-16 12:00:06:716] [INFO] [2764436432-aWatch] succeed to send: [Private(204797682)] [å›å¤]å‘é€æˆåŠŸ
[2023-03-16 12:02:08:335] [INFO] [2764436432-aWatch] recv from: [Private: 204797682(friend)] é‡åº†å¤©æ°”
[2023-03-16 12:02:09:602] [INFO] [2764436432-aWatch] succeed to send: [Private(204797682)] [å›¾ç‰‡]
ã€“ é‡åº† 03/16 å¤©æ°” ã€“
é˜´ 14â„ƒ ~ 20â„ƒ è¥¿åŒ—é£ å¾®é£
[2023-03-16 12:02:22:457] [INFO] [2764436432-aWatch] recv from: [Private: 3113222742(friend)] ä½ å¥½
[2023-03-16 12:02:32:193] [INFO] [2764436432-aWatch] recv from: [Private: 204797682(friend)] é‡åº†ä¹é¾™å¡åŒºå¤©æ°”
[2023-03-16 12:02:32:901] [INFO] [2764436432-aWatch] succeed to send: [Private(204797682)] [å›å¤]åŸå¸‚ä¸å­˜åœ¨ï¼Œè¯·æ£€æŸ¥
[2023-03-16 12:02:39:431] [INFO] [2764436432-aWatch] recv from: [Private: 204797682(friend)] å…«å˜
[2023-03-16 12:04:13:709] [INFO] [2764436432-aWatch] recv from: [Private: 204797682(friend)] /p add bili
[2023-03-16 12:04:13:891] [INFO] [2764436432-aWatch] succeed to send: [Private(204797682)] ã€“ æ­£åœ¨å®‰è£… bili ã€“
[2023-03-16 12:04:17:076] [INFO] [2764436432-aWatch] succeed to send: [Private(204797682)] ã€“ bili å®‰è£…æˆåŠŸ ã€“
[2023-03-16 12:04:20:251] [INFO] [2764436432-aWatch] recv from: [Private: 204797682(friend)] /p on bili
[2023-03-16 12:04:20:266] [INFO] [2764436432-aWatch] æ’ä»¶ [32mbili[0m å¯ç”¨æˆåŠŸ
[2023-03-16 12:04:20:464] [INFO] [2764436432-aWatch] succeed to send: [Private(204797682)] ã€“ bili å¯ç”¨æˆåŠŸ ã€“
[2023-03-16 12:04:29:752] [INFO] [2764436432-aWatch] recv from: [Private: 204797682(friend)] #B
[2023-03-16 12:04:31:503] [INFO] [2764436432-aWatch] succeed to send: [Private(204797682)] == Bç«™å®æ—¶çƒ­æœ ==
---------
è´±è°è¿‡å®¶å®¶ï¼ˆ3ï¼‰
æ’­æ”¾é‡ï¼š287.6ä¸‡
//www.bilibili.com/video/BV1k54y1K7rQ
---------
è€å©†ç»™æˆ‘ç”Ÿäº†ä¸ªå¥³å„¿
æ’­æ”¾é‡ï¼š437.1ä¸‡
//www.bilibili.com/video/BV1zo4y1B7MC
---------
é˜Ÿåº†ï½œã€Šæˆ‘è¦æ‰“ç¯®çƒã€‹åº†è¯­å…¶ åˆ˜æ©æ³½
æ’­æ”¾é‡ï¼š193.6ä¸‡
//www.bilibili.com/video/BV1k84y1A7Gy
---------
æŠ“åˆ°ä¸€åªå§”å±ˆçš„æŸ±æŸ±çŒ«ï¼
æ’­æ”¾é‡ï¼š335.1ä¸‡
//www.bilibili.com/video/BV1Db411o7WU
---------
æµæµªä¸¤å¹´åŠèµ°éåŠä¸ªä¸­å›½ï¼Œç»ˆäºå›åˆ°å®¶ä¹¡ï¼Œæ„Ÿè§‰çœŸå¥½
æ’­æ”¾é‡ï¼š188.8ä¸‡
//www.bilibili.com/video/BV19Y4y197tq
[2023-03-16 15:52:03:903] [WARN] [2764436432-aWatch] heartbeat timeout
[2023-03-16 15:52:08:904] [ERROR] [2764436432-aWatch] heartbeat timeout x 2
[2023-03-16 15:52:08:911] [MARK] [2764436432-aWatch] 120.232.196.151:8080 closed
[2023-03-16 15:52:08:999] [MARK] [2764436432-aWatch] 106.55.128.197:8080 connected
